<?xml version="1.0" encoding="UTF-8"?>
<testsuite name="kr.ac.jejunu.user.UserDaoTest" tests="4" skipped="0" failures="0" errors="0" timestamp="2020-06-01T14:36:26" hostname="DOHYUNs-MacBook-Pro.local" time="0.618">
  <properties/>
  <testcase name="getIdHalla()" classname="kr.ac.jejunu.user.UserDaoTest" time="0.501"/>
  <testcase name="insert()" classname="kr.ac.jejunu.user.UserDaoTest" time="0.056"/>
  <testcase name="insertHalla()" classname="kr.ac.jejunu.user.UserDaoTest" time="0.041"/>
  <testcase name="get()" classname="kr.ac.jejunu.user.UserDaoTest" time="0.018"/>
  <system-out><![CDATA[]]></system-out>
  <system-err><![CDATA[]]></system-err>
</testsuite>
