<?xml version="1.0" encoding="UTF-8"?>
<testsuite name="kr.ac.jejunu.user.UserDaoTests" tests="4" skipped="0" failures="0" errors="0" timestamp="2020-06-08T12:32:29" hostname="DOHYUNs-MacBook-Pro.local" time="0.812">
  <properties/>
  <testcase name="delete()" classname="kr.ac.jejunu.user.UserDaoTests" time="0.673"/>
  <testcase name="insert()" classname="kr.ac.jejunu.user.UserDaoTests" time="0.063"/>
  <testcase name="update()" classname="kr.ac.jejunu.user.UserDaoTests" time="0.057"/>
  <testcase name="get()" classname="kr.ac.jejunu.user.UserDaoTests" time="0.016"/>
  <system-out><![CDATA[]]></system-out>
  <system-err><![CDATA[]]></system-err>
</testsuite>
