<?xml version="1.0" encoding="UTF-8"?>
<testsuite name="kr.ac.jejunu.user.UserDaoTests" tests="4" skipped="0" failures="0" errors="0" timestamp="2020-06-01T15:16:03" hostname="DOHYUNs-MacBook-Pro.local" time="0.545">
  <properties/>
  <testcase name="insert()" classname="kr.ac.jejunu.user.UserDaoTests" time="0.465"/>
  <testcase name="insertHalla()" classname="kr.ac.jejunu.user.UserDaoTests" time="0.04"/>
  <testcase name="get()" classname="kr.ac.jejunu.user.UserDaoTests" time="0.02"/>
  <testcase name="getHalla()" classname="kr.ac.jejunu.user.UserDaoTests" time="0.017"/>
  <system-out><![CDATA[]]></system-out>
  <system-err><![CDATA[]]></system-err>
</testsuite>
