<?xml version="1.0" encoding="UTF-8"?>
<testsuite name="kr.ac.jejunu.user.UserDaoTests" tests="4" skipped="0" failures="0" errors="0" timestamp="2020-06-02T08:42:11" hostname="DOHYUNs-MacBook-Pro.local" time="0.595">
  <properties/>
  <testcase name="delete()" classname="kr.ac.jejunu.user.UserDaoTests" time="0.479"/>
  <testcase name="insert()" classname="kr.ac.jejunu.user.UserDaoTests" time="0.045"/>
  <testcase name="update()" classname="kr.ac.jejunu.user.UserDaoTests" time="0.052"/>
  <testcase name="get()" classname="kr.ac.jejunu.user.UserDaoTests" time="0.016"/>
  <system-out><![CDATA[86
]]></system-out>
  <system-err><![CDATA[]]></system-err>
</testsuite>
